<?xml version="1.0" encoding="UTF-8"?>
<!-- Generated by org.testng.reporters.JUnitReportReporter -->
<testsuite hostname="Nileshp" name="SeleniumGrid.TestSeleniumGrid" tests="1" failures="0" timestamp="3 Jan 2019 10:01:32 GMT" time="41.450" errors="0">
  <testcase name="test1" time="41.450" classname="SeleniumGrid.TestSeleniumGrid"/>
</testsuite>
