<?xml version="1.0" encoding="UTF-8"?>
<!-- Generated by org.testng.reporters.JUnitReportReporter -->
<testsuite hostname="Nileshp" name="Maventest.DemoMavenTest" tests="1" failures="1" timestamp="3 Jan 2019 09:37:14 GMT" time="49.327" errors="0">
  <testcase name="test" time="49.327" classname="Maventest.DemoMavenTest">
    <failure type="org.openqa.selenium.WebDriverException" message="Failed to connect to binary FirefoxBinary(C:\Program Files (x86)\Mozilla Firefox\firefox.exe) on port 7055; process output follows: 
ozilla.org to C:\Program Files (x86)\Mozilla Firefox\browser\features\screenshots@mozilla.org.xpi
1546508193990	addons.xpi	INFO	Mapping shield-recipe-client@mozilla.org to C:\Program Files (x86)\Mozilla Firefox\browser\features\shield-recipe-client@mozilla.org.xpi
1546508193990	addons.xpi	INFO	Mapping webcompat@mozilla.org to C:\Program Files (x86)\Mozilla Firefox\browser\features\webcompat@mozilla.org.xpi
1546508193990	addons.xpi	DEBUG	Existing add-on activity-stream@mozilla.org in app-system-defaults
1546508193991	addons.xpi	DEBUG	Existing add-on aushelper@mozilla.org in app-system-defaults
1546508193991	addons.xpi	DEBUG	Existing add-on firefox@getpocket.com in app-system-defaults
1546508193991	addons.xpi	DEBUG	Existing add-on followonsearch@mozilla.com in app-system-defaults
1546508193991	addons.xpi	DEBUG	Existing add-on formautofill@mozilla.org in app-system-defaults
1546508193991	addons.xpi	DEBUG	Existing add-on onboarding@mozilla.org in app-system-defaults
1546508193992	addons.xpi	DEBUG	Existing add-on screenshots@mozilla.org in app-system-defaults
1546508193992	addons.xpi	DEBUG	Existing add-on shield-recipe-client@mozilla.org in app-system-defaults
1546508193992	addons.xpi	DEBUG	Existing add-on webcompat@mozilla.org in app-system-defaults
1546508193993	addons.xpi	INFO	Mapping {972ce4c6-7e08-4474-a285-3208198ce6fd} to C:\Program Files (x86)\Mozilla Firefox\browser\extensions\{972ce4c6-7e08-4474-a285-3208198ce6fd}.xpi
1546508193993	addons.xpi	DEBUG	Existing add-on {972ce4c6-7e08-4474-a285-3208198ce6fd} in app-global
1546508193993	addons.xpi	DEBUG	getInstallState changed: false, state: {}
1546508201131	addons.xpi	DEBUG	Calling bootstrap method shutdown on webcompat@mozilla.org version 1.1
1546508201132	addons.xpi	DEBUG	Calling bootstrap method shutdown on shield-recipe-client@mozilla.org version 76.1
1546508201133	addons.xpi	DEBUG	Calling bootstrap method shutdown on screenshots@mozilla.org version 25.0.0
1546508201140	addons.xpi	DEBUG	Calling bootstrap method shutdown on onboarding@mozilla.org version 1.0
1546508201140	addons.xpi	DEBUG	Calling bootstrap method shutdown on formautofill@mozilla.org version 1.0
1546508201141	addons.xpi	DEBUG	Calling bootstrap method shutdown on followonsearch@mozilla.com version 0.9.6
1546508201142	addons.xpi	DEBUG	Calling bootstrap method shutdown on firefox@getpocket.com version 1.0.5
1546508201142	addons.xpi	DEBUG	Calling bootstrap method shutdown on aushelper@mozilla.org version 2.0
1546508201143	addons.xpi	DEBUG	Calling bootstrap method shutdown on activity-stream@mozilla.org version 2018.01.04.0062-4997c81d
[Child 8388, Chrome_ChildThread] WARNING: pipe error: 109: file z:/build/build/src/ipc/chromium/src/chrome/common/ipc_channel_win.cc, line 346
[Child 8388, Chrome_ChildThread] WARNING: pipe error: 109: file z:/build/build/src/ipc/chromium/src/chrome/common/ipc_channel_win.cc, line 346
[Child 7620, Chrome_ChildThread] WARNING: pipe error: 109: file z:/build/build/src/ipc/chromium/src/chrome/common/ipc_channel_win.cc, line 346
[Child 7620, Chrome_ChildThread] WARNING: pipe error: 109: file z:/build/build/src/ipc/chromium/src/chrome/common/ipc_channel_win.cc, line 346
1546508201246	addons.manager	DEBUG	shutdown
1546508201247	addons.manager	DEBUG	Calling shutdown blocker for XPIProvider
1546508201247	addons.xpi	DEBUG	shutdown
1546508201247	addons.xpi-utils	DEBUG	shutdown
1546508201247	addons.manager	DEBUG	Calling shutdown blocker for LightweightThemeManager
1546508201247	addons.manager	DEBUG	Calling shutdown blocker for GMPProvider
1546508201248	addons.manager	DEBUG	Calling shutdown blocker for PluginProvider
1546508201248	addons.manager	DEBUG	Calling shutdown blocker for PreviousExperimentProvider
1546508201254	addons.manager	DEBUG	Async provider shutdown done
*** UTM:SVC TimerManager:registerTimer called after profile-before-change notification. Ignoring timer registration for id: telemetry_modules_ping

###!!! [Child][MessageChannel::SendAndWait] Error: (msgtype=0x4B0006,name=PImageBridge::Msg_WillClose) Channel error: cannot send/recv


Build info: version: &#039;2.53.1&#039;, revision: &#039;a36b8b1cd5757287168e54b817830adce9b0158d&#039;, time: &#039;2016-06-30 19:26:09&#039;
System info: host: &#039;Nileshp&#039;, ip: &#039;192.168.43.2&#039;, os.name: &#039;Windows 7&#039;, os.arch: &#039;amd64&#039;, os.version: &#039;6.1&#039;, java.version: &#039;1.8.0_191&#039;
Driver info: driver.version: FirefoxDriver">
      <![CDATA[org.openqa.selenium.WebDriverException: Failed to connect to binary FirefoxBinary(C:\Program Files (x86)\Mozilla Firefox\firefox.exe) on port 7055; process output follows: 
ozilla.org to C:\Program Files (x86)\Mozilla Firefox\browser\features\screenshots@mozilla.org.xpi
1546508193990	addons.xpi	INFO	Mapping shield-recipe-client@mozilla.org to C:\Program Files (x86)\Mozilla Firefox\browser\features\shield-recipe-client@mozilla.org.xpi
1546508193990	addons.xpi	INFO	Mapping webcompat@mozilla.org to C:\Program Files (x86)\Mozilla Firefox\browser\features\webcompat@mozilla.org.xpi
1546508193990	addons.xpi	DEBUG	Existing add-on activity-stream@mozilla.org in app-system-defaults
1546508193991	addons.xpi	DEBUG	Existing add-on aushelper@mozilla.org in app-system-defaults
1546508193991	addons.xpi	DEBUG	Existing add-on firefox@getpocket.com in app-system-defaults
1546508193991	addons.xpi	DEBUG	Existing add-on followonsearch@mozilla.com in app-system-defaults
1546508193991	addons.xpi	DEBUG	Existing add-on formautofill@mozilla.org in app-system-defaults
1546508193991	addons.xpi	DEBUG	Existing add-on onboarding@mozilla.org in app-system-defaults
1546508193992	addons.xpi	DEBUG	Existing add-on screenshots@mozilla.org in app-system-defaults
1546508193992	addons.xpi	DEBUG	Existing add-on shield-recipe-client@mozilla.org in app-system-defaults
1546508193992	addons.xpi	DEBUG	Existing add-on webcompat@mozilla.org in app-system-defaults
1546508193993	addons.xpi	INFO	Mapping {972ce4c6-7e08-4474-a285-3208198ce6fd} to C:\Program Files (x86)\Mozilla Firefox\browser\extensions\{972ce4c6-7e08-4474-a285-3208198ce6fd}.xpi
1546508193993	addons.xpi	DEBUG	Existing add-on {972ce4c6-7e08-4474-a285-3208198ce6fd} in app-global
1546508193993	addons.xpi	DEBUG	getInstallState changed: false, state: {}
1546508201131	addons.xpi	DEBUG	Calling bootstrap method shutdown on webcompat@mozilla.org version 1.1
1546508201132	addons.xpi	DEBUG	Calling bootstrap method shutdown on shield-recipe-client@mozilla.org version 76.1
1546508201133	addons.xpi	DEBUG	Calling bootstrap method shutdown on screenshots@mozilla.org version 25.0.0
1546508201140	addons.xpi	DEBUG	Calling bootstrap method shutdown on onboarding@mozilla.org version 1.0
1546508201140	addons.xpi	DEBUG	Calling bootstrap method shutdown on formautofill@mozilla.org version 1.0
1546508201141	addons.xpi	DEBUG	Calling bootstrap method shutdown on followonsearch@mozilla.com version 0.9.6
1546508201142	addons.xpi	DEBUG	Calling bootstrap method shutdown on firefox@getpocket.com version 1.0.5
1546508201142	addons.xpi	DEBUG	Calling bootstrap method shutdown on aushelper@mozilla.org version 2.0
1546508201143	addons.xpi	DEBUG	Calling bootstrap method shutdown on activity-stream@mozilla.org version 2018.01.04.0062-4997c81d
[Child 8388, Chrome_ChildThread] WARNING: pipe error: 109: file z:/build/build/src/ipc/chromium/src/chrome/common/ipc_channel_win.cc, line 346
[Child 8388, Chrome_ChildThread] WARNING: pipe error: 109: file z:/build/build/src/ipc/chromium/src/chrome/common/ipc_channel_win.cc, line 346
[Child 7620, Chrome_ChildThread] WARNING: pipe error: 109: file z:/build/build/src/ipc/chromium/src/chrome/common/ipc_channel_win.cc, line 346
[Child 7620, Chrome_ChildThread] WARNING: pipe error: 109: file z:/build/build/src/ipc/chromium/src/chrome/common/ipc_channel_win.cc, line 346
1546508201246	addons.manager	DEBUG	shutdown
1546508201247	addons.manager	DEBUG	Calling shutdown blocker for XPIProvider
1546508201247	addons.xpi	DEBUG	shutdown
1546508201247	addons.xpi-utils	DEBUG	shutdown
1546508201247	addons.manager	DEBUG	Calling shutdown blocker for LightweightThemeManager
1546508201247	addons.manager	DEBUG	Calling shutdown blocker for GMPProvider
1546508201248	addons.manager	DEBUG	Calling shutdown blocker for PluginProvider
1546508201248	addons.manager	DEBUG	Calling shutdown blocker for PreviousExperimentProvider
1546508201254	addons.manager	DEBUG	Async provider shutdown done
*** UTM:SVC TimerManager:registerTimer called after profile-before-change notification. Ignoring timer registration for id: telemetry_modules_ping

###!!! [Child][MessageChannel::SendAndWait] Error: (msgtype=0x4B0006,name=PImageBridge::Msg_WillClose) Channel error: cannot send/recv


Build info: version: '2.53.1', revision: 'a36b8b1cd5757287168e54b817830adce9b0158d', time: '2016-06-30 19:26:09'
System info: host: 'Nileshp', ip: '192.168.43.2', os.name: 'Windows 7', os.arch: 'amd64', os.version: '6.1', java.version: '1.8.0_191'
Driver info: driver.version: FirefoxDriver
	at org.openqa.selenium.firefox.internal.NewProfileExtensionConnection.start(NewProfileExtensionConnection.java:125)
	at org.openqa.selenium.firefox.FirefoxDriver.startClient(FirefoxDriver.java:271)
	at org.openqa.selenium.remote.RemoteWebDriver.<init>(RemoteWebDriver.java:119)
	at org.openqa.selenium.firefox.FirefoxDriver.<init>(FirefoxDriver.java:216)
	at org.openqa.selenium.firefox.FirefoxDriver.<init>(FirefoxDriver.java:211)
	at org.openqa.selenium.firefox.FirefoxDriver.<init>(FirefoxDriver.java:207)
	at org.openqa.selenium.firefox.FirefoxDriver.<init>(FirefoxDriver.java:120)
	at Maventest.DemoMavenTest.test(DemoMavenTest.java:17)
	at sun.reflect.NativeMethodAccessorImpl.invoke0(Native Method)
	at sun.reflect.NativeMethodAccessorImpl.invoke(NativeMethodAccessorImpl.java:62)
	at sun.reflect.DelegatingMethodAccessorImpl.invoke(DelegatingMethodAccessorImpl.java:43)
	at java.lang.reflect.Method.invoke(Method.java:498)
	at org.testng.internal.MethodInvocationHelper.invokeMethod(MethodInvocationHelper.java:80)
	at org.testng.internal.Invoker.invokeMethod(Invoker.java:673)
	at org.testng.internal.Invoker.invokeTestMethod(Invoker.java:842)
	at org.testng.internal.Invoker.invokeTestMethods(Invoker.java:1166)
	at org.testng.internal.TestMethodWorker.invokeTestMethods(TestMethodWorker.java:125)
	at org.testng.internal.TestMethodWorker.run(TestMethodWorker.java:109)
	at org.testng.TestRunner.runWorkers(TestRunner.java:1178)
	at org.testng.TestRunner.privateRun(TestRunner.java:757)
	at org.testng.TestRunner.run(TestRunner.java:608)
	at org.testng.SuiteRunner.runTest(SuiteRunner.java:334)
	at org.testng.SuiteRunner.runSequentially(SuiteRunner.java:329)
	at org.testng.SuiteRunner.privateRun(SuiteRunner.java:291)
	at org.testng.SuiteRunner.run(SuiteRunner.java:240)
	at org.testng.SuiteRunnerWorker.runSuite(SuiteRunnerWorker.java:52)
	at org.testng.SuiteRunnerWorker.run(SuiteRunnerWorker.java:86)
	at org.testng.TestNG.runSuitesSequentially(TestNG.java:1158)
	at org.testng.TestNG.runSuitesLocally(TestNG.java:1083)
	at org.testng.TestNG.run(TestNG.java:999)
	at org.testng.remote.AbstractRemoteTestNG.run(AbstractRemoteTestNG.java:114)
	at org.testng.remote.RemoteTestNG.initAndRun(RemoteTestNG.java:251)
	at org.testng.remote.RemoteTestNG.main(RemoteTestNG.java:77)
Caused by: org.openqa.selenium.firefox.NotConnectedException: Unable to connect to host 127.0.0.1 on port 7055 after 45000 ms. Firefox console output:
ozilla.org to C:\Program Files (x86)\Mozilla Firefox\browser\features\screenshots@mozilla.org.xpi
1546508193990	addons.xpi	INFO	Mapping shield-recipe-client@mozilla.org to C:\Program Files (x86)\Mozilla Firefox\browser\features\shield-recipe-client@mozilla.org.xpi
1546508193990	addons.xpi	INFO	Mapping webcompat@mozilla.org to C:\Program Files (x86)\Mozilla Firefox\browser\features\webcompat@mozilla.org.xpi
1546508193990	addons.xpi	DEBUG	Existing add-on activity-stream@mozilla.org in app-system-defaults
1546508193991	addons.xpi	DEBUG	Existing add-on aushelper@mozilla.org in app-system-defaults
1546508193991	addons.xpi	DEBUG	Existing add-on firefox@getpocket.com in app-system-defaults
1546508193991	addons.xpi	DEBUG	Existing add-on followonsearch@mozilla.com in app-system-defaults
1546508193991	addons.xpi	DEBUG	Existing add-on formautofill@mozilla.org in app-system-defaults
1546508193991	addons.xpi	DEBUG	Existing add-on onboarding@mozilla.org in app-system-defaults
1546508193992	addons.xpi	DEBUG	Existing add-on screenshots@mozilla.org in app-system-defaults
1546508193992	addons.xpi	DEBUG	Existing add-on shield-recipe-client@mozilla.org in app-system-defaults
1546508193992	addons.xpi	DEBUG	Existing add-on webcompat@mozilla.org in app-system-defaults
1546508193993	addons.xpi	INFO	Mapping {972ce4c6-7e08-4474-a285-3208198ce6fd} to C:\Program Files (x86)\Mozilla Firefox\browser\extensions\{972ce4c6-7e08-4474-a285-3208198ce6fd}.xpi
1546508193993	addons.xpi	DEBUG	Existing add-on {972ce4c6-7e08-4474-a285-3208198ce6fd} in app-global
1546508193993	addons.xpi	DEBUG	getInstallState changed: false, state: {}
1546508201131	addons.xpi	DEBUG	Calling bootstrap method shutdown on webcompat@mozilla.org version 1.1
1546508201132	addons.xpi	DEBUG	Calling bootstrap method shutdown on shield-recipe-client@mozilla.org version 76.1
1546508201133	addons.xpi	DEBUG	Calling bootstrap method shutdown on screenshots@mozilla.org version 25.0.0
1546508201140	addons.xpi	DEBUG	Calling bootstrap method shutdown on onboarding@mozilla.org version 1.0
1546508201140	addons.xpi	DEBUG	Calling bootstrap method shutdown on formautofill@mozilla.org version 1.0
1546508201141	addons.xpi	DEBUG	Calling bootstrap method shutdown on followonsearch@mozilla.com version 0.9.6
1546508201142	addons.xpi	DEBUG	Calling bootstrap method shutdown on firefox@getpocket.com version 1.0.5
1546508201142	addons.xpi	DEBUG	Calling bootstrap method shutdown on aushelper@mozilla.org version 2.0
1546508201143	addons.xpi	DEBUG	Calling bootstrap method shutdown on activity-stream@mozilla.org version 2018.01.04.0062-4997c81d
[Child 8388, Chrome_ChildThread] WARNING: pipe error: 109: file z:/build/build/src/ipc/chromium/src/chrome/common/ipc_channel_win.cc, line 346
[Child 8388, Chrome_ChildThread] WARNING: pipe error: 109: file z:/build/build/src/ipc/chromium/src/chrome/common/ipc_channel_win.cc, line 346
[Child 7620, Chrome_ChildThread] WARNING: pipe error: 109: file z:/build/build/src/ipc/chromium/src/chrome/common/ipc_channel_win.cc, line 346
[Child 7620, Chrome_ChildThread] WARNING: pipe error: 109: file z:/build/build/src/ipc/chromium/src/chrome/common/ipc_channel_win.cc, line 346
1546508201246	addons.manager	DEBUG	shutdown
1546508201247	addons.manager	DEBUG	Calling shutdown blocker for XPIProvider
1546508201247	addons.xpi	DEBUG	shutdown
1546508201247	addons.xpi-utils	DEBUG	shutdown
1546508201247	addons.manager	DEBUG	Calling shutdown blocker for LightweightThemeManager
1546508201247	addons.manager	DEBUG	Calling shutdown blocker for GMPProvider
1546508201248	addons.manager	DEBUG	Calling shutdown blocker for PluginProvider
1546508201248	addons.manager	DEBUG	Calling shutdown blocker for PreviousExperimentProvider
1546508201254	addons.manager	DEBUG	Async provider shutdown done
*** UTM:SVC TimerManager:registerTimer called after profile-before-change notification. Ignoring timer registration for id: telemetry_modules_ping

###!!! [Child][MessageChannel::SendAndWait] Error: (msgtype=0x4B0006,name=PImageBridge::Msg_WillClose) Channel error: cannot send/recv


	at org.openqa.selenium.firefox.internal.NewProfileExtensionConnection.start(NewProfileExtensionConnection.java:113)
	... 32 more
]]>
    </failure>
  </testcase>
</testsuite>
