<?xml version="1.0" encoding="UTF-8"?>
<!-- Generated by org.testng.reporters.JUnitReportReporter -->
<testsuite hostname="Nileshp" name="DemoMavenTest" tests="1" failures="0" timestamp="2 Jan 2019 10:36:22 GMT" time="0.027" errors="0">
  <testcase name="test" time="0.027" classname="DemoMavenTest"/>
</testsuite>
