<?xml version="1.0" encoding="UTF-8"?>
<!-- Generated by org.testng.reporters.JUnitReportReporter -->
<testsuite hostname="Nileshp" name="Maventest.DemoMavenTest" tests="1" failures="0" timestamp="2 Jan 2019 13:35:22 GMT" time="9.788" errors="0">
  <testcase name="test" time="9.788" classname="Maventest.DemoMavenTest"/>
</testsuite>
